<?xml version="1.0" encoding="UTF-8"?>
<beans xmlns="http://www.springframework.org/schema/beans"
       xmlns:xsi="http://www.w3.org/2001/XMLSchema-instance"
       xmlns:mvc="http://www.springframework.org/schema/mvc"
       xmlns:context="http://www.springframework.org/schema/context"
       xmlns:beans="http://www.springframework.org/schema/beans"
       xsi:schemaLocation="http://www.springframework.org/schema/beans
                           http://www.springframework.org/schema/beans/spring-beans.xsd
                           http://www.springframework.org/schema/mvc
                           
                           http://www.springframework.org/schema/mvc/spring-mvc-4.1.xsd
                           http://www.springframework.org/schema/context
                           http://www.springframework.org/schema/context/spring-context.xsd ">
                           
    <mvc:annotation-driven />
    <context:component-scan base-package="
     										com.innowave.mahaulb.mahaweb.config,
    									 com.innowave.mahaulb.common.repository,
    									com.innowave.mahaulb.repository.inventory.repositories,
    									com.innowave.mahaulb.repository.inventory
    									  
    									  
    									  "  >
    									   <context:exclude-filter type="regex" expression="com\.innowave\.mahaulb\.common\.service\.util\..*"/>
   </context:component-scan>
   
   

	
</beans>  